#
# A fatal error has been detected by the Java Runtime Environment:
#
#  EXCEPTION_ACCESS_VIOLATION (0xc0000005) at pc=0x00007ffb01ec9c71, pid=15124, tid=5804
#
# JRE version: OpenJDK Runtime Environment (23.0.2+7) (build 23.0.2+7-58)
# Java VM: OpenJDK 64-Bit Server VM (23.0.2+7-58, mixed mode, sharing, tiered, compressed oops, compressed class ptrs, g1 gc, windows-amd64)
# Problematic frame:
# V  [jvm.dll+0x319c71]
#
# No core dump will be written. Minidumps are not enabled by default on client versions of Windows
#
# If you would like to submit a bug report, please visit:
#   https://bugreport.java.com/bugreport/crash.jsp
#

---------------  S U M M A R Y ------------

Command Line: -Dclassworlds.conf=C:\Users\AbdifatahAbdulkadir\.m2\wrapper\dists\apache-maven-3.9.9\977a63e90f436cd6ade95b4c0e10c20c\bin\m2.conf -Dmaven.home=C:\Users\AbdifatahAbdulkadir\.m2\wrapper\dists\apache-maven-3.9.9\977a63e90f436cd6ade95b4c0e10c20c -Dlibrary.jansi.path=C:\Users\AbdifatahAbdulkadir\.m2\wrapper\dists\apache-maven-3.9.9\977a63e90f436cd6ade95b4c0e10c20c\lib\jansi-native -Dmaven.multiModuleProjectDirectory=C:\Users\AbdifatahAbdulkadir\Java\auth-server1\quotee-service org.codehaus.plexus.classworlds.launcher.Launcher clean package -DskipTests

Host: Intel(R) Core(TM) i5-8250U CPU @ 1.60GHz, 8 cores, 15G,  Windows 11 , 64 bit Build 26100 (10.0.26100.3775)
Time: Fri May 23 12:57:43 2025 Västeuropa, sommartid elapsed time: 3.361112 seconds (0d 0h 0m 3s)

---------------  T H R E A D  ---------------

Current thread (0x0000025c87f4e000):  WorkerThread "GC Thread#6"    [id=5804, stack(0x000000de50f00000,0x000000de51000000) (1024K)]

Stack: [0x000000de50f00000,0x000000de51000000],  sp=0x000000de50fff8b8,  free space=1022k
Native frames: (J=compiled Java code, j=interpreted, Vv=VM code, C=native code)
V  [jvm.dll+0x319c71]  (no source info available)


siginfo: EXCEPTION_ACCESS_VIOLATION (0xc0000005), reading address 0xffffffffffffffff


Registers:
RAX=0xc01008000000025c, RBX=0x0000000000000001, RCX=0x0000025c88165794, RDX=0x000000070eb53eb8
RSP=0x000000de50fff8b8, RBP=0x000000de50fff940, RSI=0x000000de50fff9e0, RDI=0x000000070dba48ac
R8 =0x0000025c88165794, R9 =0x0000000000000005, R10=0x000000070eb53eb8, R11=0x000000de50fff940
R12=0x0000000000000000, R13=0x0000025c88165794, R14=0x000000070eb53eb8, R15=0x0000025cce65a550
RIP=0x00007ffb01ec9c71, EFLAGS=0x0000000000010202


Register to memory mapping:

RAX=0xc01008000000025c is an unknown value
RBX=0x0000000000000001 is an unknown value
RCX=0x0000025c88165794 is pointing into metadata
RDX=
[error occurred during error reporting (printing register info), id 0xc0000005, EXCEPTION_ACCESS_VIOLATION (0xc0000005) at pc=0x00007ffb01ec9c06]
RSP=0x000000de50fff8b8 points into unknown readable memory: 0x00007ffb01f0d6fc | fc d6 f0 01 fb 7f 00 00
RBP=0x000000de50fff940 points into unknown readable memory: 0x0000000000000000 | 00 00 00 00 00 00 00 00
RSI=0x000000de50fff9e0 points into unknown readable memory: 0x0000000000000001 | 01 00 00 00 00 00 00 00
RDI=0x000000070dba48ac is pointing into object: java.lang.String 
{0x000000070dba4898} - klass: 'java/lang/String'
 - ---- fields (total size 3 words):
 - private 'hash' 'I' @12  -448248407 (0xe54845a9)
 - private final 'coder' 'B' @16  0 (0x00)
 - private 'hashIsZero' 'Z' @17  false (0x00)
 - injected 'flags' 'B' @18  0 (0x00)
 - private final 'value' '[B' @20  
[error occurred during error reporting (printing register info, attempt 2), id 0xc0000005, EXCEPTION_ACCESS_VIOLATION (0xc0000005) at pc=0x00007ffb0227b3a6]
R8 =0x0000025c88165794 is pointing into metadata
R9 =0x0000000000000005 is an unknown value
R10=
[error occurred during error reporting (printing register info, attempt 3), id 0xc0000005, EXCEPTION_ACCESS_VIOLATION (0xc0000005) at pc=0x00007ffb01ec9c06]
Top of Stack: (sp=0x000000de50fff8b8)
0x000000de50fff8b8:   00007ffb01f0d6fc 0000000000000000
0x000000de50fff8c8:   0000000000000001 000000de50fff940
0x000000de50fff8d8:   000000070db986a8 0000000700000000
0x000000de50fff8e8:   00007ffb00000000 0000000710000001
0x000000de50fff8f8:   0000000000000000 0000025c88000001
0x000000de50fff908:   00007ffb01f0b9e5 0000000000000001
0x000000de50fff918:   0000000000000018 0000000000000018
0x000000de50fff928:   0000025c87012bb0 0000000000000001
0x000000de50fff938:   00007ffb01f0bfcc 0000000000000000
0x000000de50fff948:   0000000000000160 0000025cce65a550
0x000000de50fff958:   0000000000000000 000000de50fffa09
0x000000de50fff968:   00007ffb01f0eb1f 000000070dba4844
0x000000de50fff978:   000000de50fff9e0 0000025cce65a550
0x000000de50fff988:   0000025ce74d49d0 000000de50fffa00
0x000000de50fff998:   000000070db8a8e8 000000070e00c0b0
0x000000de50fff9a8:   000000de50fffa10 0000025cce000001
0x000000de50fff9b8:   0000025ce74d49d0 0000000000000001
0x000000de50fff9c8:   0000000000000000 0000000000000001
0x000000de50fff9d8:   00000000000000c0 0000000000000001
0x000000de50fff9e8:   0000025c87012bb0 000000000000fe01
0x000000de50fff9f8:   00007ffb01f131e1 0000025ccd0b7230
0x000000de50fffa08:   0000025ccd5361f0 0000025cce65a550
0x000000de50fffa18:   0000000000000004 000000de50fffa50
0x000000de50fffa28:   00007ffb01f0d4b9 0000025ccd0b7230
0x000000de50fffa38:   0000025ccd5361f0 0000000000000004
0x000000de50fffa48:   0000025ce594a1e0 000000de50fffb70
0x000000de50fffa58:   0000025cce65a550 000000de50fffb00
0x000000de50fffa68:   00007ffb01f0e5b7 0000025cce65a550
0x000000de50fffa78:   000000de50000001 000000de50000001
0x000000de50fffa88:   000000de50fffe01 0000000000000003
0x000000de50fffa98:   00007ffb01f23cb9 000000070dad75f9
0x000000de50fffaa8:   0000000000000000 000000de50fffb00 

Instructions: (pc=0x00007ffb01ec9c71)
0x00007ffb01ec9b71:   c4 20 41 5e 5f 5d c3 cc cc cc cc cc cc cc cc 48
0x00007ffb01ec9b81:   83 ec 28 0f b6 41 38 4c 8d 4c 24 30 48 8b 0d 64
0x00007ffb01ec9b91:   0e 93 00 88 44 24 31 c6 44 24 30 00 0f b7 44 24
0x00007ffb01ec9ba1:   30 66 89 44 24 30 c6 44 24 32 00 e8 ef 1a 01 00
0x00007ffb01ec9bb1:   48 83 c4 28 c3 cc cc cc cc cc cc cc cc cc cc 48
0x00007ffb01ec9bc1:   8b 0d 31 0e 93 00 e9 94 1b 01 00 cc cc cc cc 48
0x00007ffb01ec9bd1:   8b 42 10 48 2b 02 ff 41 10 48 89 41 18 48 89 51
0x00007ffb01ec9be1:   08 c3 cc cc cc cc cc cc cc cc cc cc cc cc cc 48
0x00007ffb01ec9bf1:   89 0d 01 0e 93 00 48 89 15 f2 0d 93 00 c3 cc 4c
0x00007ffb01ec9c01:   8b c2 48 8b d1 45 8b 48 08 45 85 c9 7e 0e 41 f6
0x00007ffb01ec9c11:   c1 01 75 56 41 c1 f9 03 49 63 c1 c3 79 4c 80 3d
0x00007ffb01ec9c21:   04 c0 8c 00 00 b8 0c 00 00 00 b9 10 00 00 00 0f
0x00007ffb01ec9c31:   45 c8 8b 05 4f be 8c 00 ff c8 4c 63 c0 41 8b c1
0x00007ffb01ec9c41:   48 c1 f8 10 48 63 14 11 41 8b c9 83 e1 3f 0f b6
0x00007ffb01ec9c51:   c0 48 d3 e2 49 8d 0c 10 49 f7 d0 48 03 c1 49 c1
0x00007ffb01ec9c61:   e8 03 48 c1 e8 03 49 23 c0 c3 49 8b 00 49 8b c8
0x00007ffb01ec9c71:   48 ff a0 00 01 00 00 cc cc cc cc cc cc cc cc 48
0x00007ffb01ec9c81:   8b 51 08 33 c0 48 3b 15 63 0d 93 00 48 0f 44 d0
0x00007ffb01ec9c91:   48 85 d2 74 07 48 8b 42 10 48 2b 02 48 8b 51 38
0x00007ffb01ec9ca1:   48 85 d2 74 0a 48 8b 4a 10 48 2b 0a 48 03 c1 c3
0x00007ffb01ec9cb1:   cc cc cc cc cc cc cc cc cc cc cc cc cc cc cc 48
0x00007ffb01ec9cc1:   89 4c 24 08 48 89 54 24 10 4c 89 44 24 18 4c 89
0x00007ffb01ec9cd1:   4c 24 20 48 83 ec 28 4c 8b c1 4c 8d 4c 24 38 48
0x00007ffb01ec9ce1:   8d 0d 89 0d 93 00 ba 01 00 00 00 e8 1f 8a 2d 00
0x00007ffb01ec9cf1:   48 83 c4 28 c3 cc cc cc cc cc cc cc cc cc cc 48
0x00007ffb01ec9d01:   89 4c 24 08 48 89 54 24 10 4c 89 44 24 18 4c 89
0x00007ffb01ec9d11:   4c 24 20 48 83 ec 28 4c 8b c1 4c 8d 4c 24 38 48
0x00007ffb01ec9d21:   8d 0d b9 0d 93 00 ba 01 00 00 00 e8 df 89 2d 00
0x00007ffb01ec9d31:   48 83 c4 28 c3 cc cc cc cc cc cc cc cc cc cc 48
0x00007ffb01ec9d41:   89 5c 24 18 55 56 57 41 56 41 57 48 83 ec 20 48
0x00007ffb01ec9d51:   8b f9 48 89 11 48 8b 8a 80 01 00 00 48 8b da 48
0x00007ffb01ec9d61:   89 4f 08 66 c7 47 10 00 00 e8 b1 24 f6 ff 8b c0 


Stack slot to memory mapping:

stack at sp + 0 slots: 0x00007ffb01f0d6fc jvm.dll
stack at sp + 1 slots: 0x0 is null
stack at sp + 2 slots: 0x0000000000000001 is an unknown value
stack at sp + 3 slots: 0x000000de50fff940 points into unknown readable memory: 0x0000000000000000 | 00 00 00 00 00 00 00 00
stack at sp + 4 slots: 0x000000070db986a8 is an oop: [Ljava.lang.Object; 
{0x000000070db986a8} - klass: 'java/lang/Object'[]
 - length: 10
stack at sp + 5 slots: 0x0000000700000000 is an unknown value
stack at sp + 6 slots: 0x00007ffb00000000 is an unknown value
stack at sp + 7 slots: 0x0000000710000001 is pointing into object: [Ljava.util.concurrent.ConcurrentHashMap$Node; 
{0x0000000710000000} - klass: 'java/util/concurrent/ConcurrentHashMap$Node'[]
 - length: 1024


---------------  P R O C E S S  ---------------

Threads class SMR info:
_java_thread_list=0x0000025ccdf14be0, length=13, elements={
0x0000025ce5943bf0, 0x0000025c8719d9e0, 0x0000025c871a0550, 0x0000025c871a2690,
0x0000025c871a3220, 0x0000025c871a7780, 0x0000025c871a8530, 0x0000025c871aa9a0,
0x0000025c871b3460, 0x0000025c87357880, 0x0000025c87360b80, 0x0000025c87922f10,
0x0000025ccdd4e0a0
}

Java Threads: ( => current thread )
  0x0000025ce5943bf0 JavaThread "main"                              [_thread_blocked, id=10412, stack(0x000000de4f600000,0x000000de4f700000) (1024K)]
  0x0000025c8719d9e0 JavaThread "Reference Handler"          daemon [_thread_blocked, id=15724, stack(0x000000de4fe00000,0x000000de4ff00000) (1024K)]
  0x0000025c871a0550 JavaThread "Finalizer"                  daemon [_thread_blocked, id=3928, stack(0x000000de4ff00000,0x000000de50000000) (1024K)]
  0x0000025c871a2690 JavaThread "Signal Dispatcher"          daemon [_thread_blocked, id=15184, stack(0x000000de50000000,0x000000de50100000) (1024K)]
  0x0000025c871a3220 JavaThread "Attach Listener"            daemon [_thread_blocked, id=13844, stack(0x000000de50100000,0x000000de50200000) (1024K)]
  0x0000025c871a7780 JavaThread "Service Thread"             daemon [_thread_blocked, id=18396, stack(0x000000de50200000,0x000000de50300000) (1024K)]
  0x0000025c871a8530 JavaThread "Monitor Deflation Thread"   daemon [_thread_blocked, id=15592, stack(0x000000de50300000,0x000000de50400000) (1024K)]
  0x0000025c871aa9a0 JavaThread "C2 CompilerThread0"         daemon [_thread_blocked, id=7540, stack(0x000000de50400000,0x000000de50500000) (1024K)]
  0x0000025c871b3460 JavaThread "C1 CompilerThread0"         daemon [_thread_blocked, id=5880, stack(0x000000de50500000,0x000000de50600000) (1024K)]
  0x0000025c87357880 JavaThread "Notification Thread"        daemon [_thread_blocked, id=18616, stack(0x000000de50600000,0x000000de50700000) (1024K)]
  0x0000025c87360b80 JavaThread "Common-Cleaner"             daemon [_thread_blocked, id=16812, stack(0x000000de50700000,0x000000de50800000) (1024K)]
  0x0000025c87922f10 JavaThread "C2 CompilerThread1"         daemon [_thread_blocked, id=3832, stack(0x000000de50800000,0x000000de50900000) (1024K)]
  0x0000025ccdd4e0a0 JavaThread "Thread-1"                   daemon [_thread_blocked, id=11072, stack(0x000000de51100000,0x000000de51200000) (1024K)]
Total: 13

Other Threads:
  0x0000025c8717eb00 VMThread "VM Thread"                           [id=13828, stack(0x000000de4fd00000,0x000000de4fe00000) (1024K)]
  0x0000025c8716c790 WatcherThread "VM Periodic Task Thread"        [id=14144, stack(0x000000de4fc00000,0x000000de4fd00000) (1024K)]
  0x0000025ce7522010 WorkerThread "GC Thread#0"                     [id=11688, stack(0x000000de4f700000,0x000000de4f800000) (1024K)]
  0x0000025ccd1455c0 WorkerThread "GC Thread#1"                     [id=16640, stack(0x000000de50a00000,0x000000de50b00000) (1024K)]
  0x0000025ccd0c2910 WorkerThread "GC Thread#2"                     [id=13320, stack(0x000000de50b00000,0x000000de50c00000) (1024K)]
  0x0000025ccd0d2210 WorkerThread "GC Thread#3"                     [id=18908, stack(0x000000de50c00000,0x000000de50d00000) (1024K)]
  0x0000025ccd0d29d0 WorkerThread "GC Thread#4"                     [id=17316, stack(0x000000de50d00000,0x000000de50e00000) (1024K)]
  0x0000025ccd0d2d80 WorkerThread "GC Thread#5"                     [id=2176, stack(0x000000de50e00000,0x000000de50f00000) (1024K)]
=>0x0000025c87f4e000 WorkerThread "GC Thread#6"                     [id=5804, stack(0x000000de50f00000,0x000000de51000000) (1024K)]
  0x0000025c87f4e7c0 WorkerThread "GC Thread#7"                     [id=16012, stack(0x000000de51000000,0x000000de51100000) (1024K)]
  0x0000025ce7537ec0 ConcurrentGCThread "G1 Main Marker"            [id=18040, stack(0x000000de4f800000,0x000000de4f900000) (1024K)]
  0x0000025ce753a9a0 WorkerThread "G1 Conc#0"                       [id=19284, stack(0x000000de4f900000,0x000000de4fa00000) (1024K)]
  0x0000025c8703d5c0 ConcurrentGCThread "G1 Refine#0"               [id=15832, stack(0x000000de4fa00000,0x000000de4fb00000) (1024K)]
  0x0000025c8703ddf0 ConcurrentGCThread "G1 Service"                [id=18832, stack(0x000000de4fb00000,0x000000de4fc00000) (1024K)]
Total: 14

Threads with active compile tasks:
C2 CompilerThread0  3446 3661       4       org.apache.maven.model.validation.DefaultModelValidator::validateEffectiveDependency (631 bytes)
C1 CompilerThread0  3446 3808   !   3       org.codehaus.plexus.util.xml.pull.MXParser::parseCharOrPredefinedEntityRef (949 bytes)
C2 CompilerThread1  3446 3776       4       org.apache.maven.model.io.xpp3.MavenXpp3Reader::checkFieldWithDuplicate (75 bytes)
Total: 3

VM state: at safepoint (normal execution)

VM Mutex/Monitor currently owned by a thread:  ([mutex/lock_event])
[0x00007ffb02824888] Threads_lock - owner thread: 0x0000025c8717eb00
[0x00007ffb02824988] Heap_lock - owner thread: 0x0000025ce5943bf0

Heap address: 0x0000000702600000, size: 4058 MB, Compressed Oops mode: Zero based, Oop shift amount: 3

CDS archive(s) mapped at: [0x0000025c88000000-0x0000025c88d70000-0x0000025c88d70000), size 14090240, SharedBaseAddress: 0x0000025c88000000, ArchiveRelocationMode: 1.
Compressed class space mapped at: 0x0000025c89000000-0x0000025cc9000000, reserved size: 1073741824
Narrow klass base: 0x0000025c88000000, Narrow klass shift: 0, Narrow klass range: 0x41000000

GC Precious Log:
 CardTable entry size: 512
 Card Set container configuration: InlinePtr #cards 4 size 8 Array Of Cards #cards 16 size 48 Howl #buckets 8 coarsen threshold 3686 Howl Bitmap #cards 512 size 80 coarsen threshold 460 Card regions per heap region 1 cards per card region 4096
 CPUs: 8 total, 8 available
 Memory: 16227M
 Large Page Support: Disabled
 NUMA Support: Disabled
 Compressed Oops: Enabled (Zero based)
 Heap Region Size: 2M
 Heap Min Capacity: 8M
 Heap Initial Capacity: 254M
 Heap Max Capacity: 4058M
 Pre-touch: Disabled
 Parallel Workers: 8
 Concurrent Workers: 2
 Concurrent Refinement Workers: 8
 Periodic GC: Disabled

Heap:
 garbage-first heap   total reserved 4155392K, committed 260096K, used 70561K [0x0000000702600000, 0x0000000800000000)
  region size 2048K, 37 young (75776K), 5 survivors (10240K)
 Metaspace       used 15788K, committed 16000K, reserved 1114112K
  class space    used 1935K, committed 2048K, reserved 1048576K

Heap Regions: E=young(eden), S=young(survivor), O=old, HS=humongous(starts), HC=humongous(continues), CS=collection set, F=free, TAMS=top-at-mark-start, PB=parsable bottom
|   0|0x0000000702600000, 0x0000000702800000, 0x0000000702800000|100%| O|  |TAMS 0x0000000702600000| PB 0x0000000702600000| Untracked |  0
|   1|0x0000000702800000, 0x00000007029c2340, 0x0000000702a00000| 87%| O|  |TAMS 0x0000000702800000| PB 0x0000000702800000| Untracked |  0
|   2|0x0000000702a00000, 0x0000000702a00000, 0x0000000702c00000|  0%| F|  |TAMS 0x0000000702a00000| PB 0x0000000702a00000| Untracked |  0
|   3|0x0000000702c00000, 0x0000000702c00000, 0x0000000702e00000|  0%| F|  |TAMS 0x0000000702c00000| PB 0x0000000702c00000| Untracked |  0
|   4|0x0000000702e00000, 0x0000000702e00000, 0x0000000703000000|  0%| F|  |TAMS 0x0000000702e00000| PB 0x0000000702e00000| Untracked |  0
|   5|0x0000000703000000, 0x0000000703000000, 0x0000000703200000|  0%| F|  |TAMS 0x0000000703000000| PB 0x0000000703000000| Untracked |  0
|   6|0x0000000703200000, 0x0000000703200000, 0x0000000703400000|  0%| F|  |TAMS 0x0000000703200000| PB 0x0000000703200000| Untracked |  0
|   7|0x0000000703400000, 0x0000000703400000, 0x0000000703600000|  0%| F|  |TAMS 0x0000000703400000| PB 0x0000000703400000| Untracked |  0
|   8|0x0000000703600000, 0x0000000703600000, 0x0000000703800000|  0%| F|  |TAMS 0x0000000703600000| PB 0x0000000703600000| Untracked |  0
|   9|0x0000000703800000, 0x0000000703800000, 0x0000000703a00000|  0%| F|  |TAMS 0x0000000703800000| PB 0x0000000703800000| Untracked |  0
|  10|0x0000000703a00000, 0x0000000703a00000, 0x0000000703c00000|  0%| F|  |TAMS 0x0000000703a00000| PB 0x0000000703a00000| Untracked |  0
|  11|0x0000000703c00000, 0x0000000703c00000, 0x0000000703e00000|  0%| F|  |TAMS 0x0000000703c00000| PB 0x0000000703c00000| Untracked |  0
|  12|0x0000000703e00000, 0x0000000703e00000, 0x0000000704000000|  0%| F|  |TAMS 0x0000000703e00000| PB 0x0000000703e00000| Untracked |  0
|  13|0x0000000704000000, 0x0000000704000000, 0x0000000704200000|  0%| F|  |TAMS 0x0000000704000000| PB 0x0000000704000000| Untracked |  0
|  14|0x0000000704200000, 0x0000000704200000, 0x0000000704400000|  0%| F|  |TAMS 0x0000000704200000| PB 0x0000000704200000| Untracked |  0
|  15|0x0000000704400000, 0x0000000704400000, 0x0000000704600000|  0%| F|  |TAMS 0x0000000704400000| PB 0x0000000704400000| Untracked |  0
|  16|0x0000000704600000, 0x0000000704600000, 0x0000000704800000|  0%| F|  |TAMS 0x0000000704600000| PB 0x0000000704600000| Untracked |  0
|  17|0x0000000704800000, 0x0000000704800000, 0x0000000704a00000|  0%| F|  |TAMS 0x0000000704800000| PB 0x0000000704800000| Untracked |  0
|  18|0x0000000704a00000, 0x0000000704a00000, 0x0000000704c00000|  0%| F|  |TAMS 0x0000000704a00000| PB 0x0000000704a00000| Untracked |  0
|  19|0x0000000704c00000, 0x0000000704c00000, 0x0000000704e00000|  0%| F|  |TAMS 0x0000000704c00000| PB 0x0000000704c00000| Untracked |  0
|  20|0x0000000704e00000, 0x0000000704e00000, 0x0000000705000000|  0%| F|  |TAMS 0x0000000704e00000| PB 0x0000000704e00000| Untracked |  0
|  21|0x0000000705000000, 0x0000000705000000, 0x0000000705200000|  0%| F|  |TAMS 0x0000000705000000| PB 0x0000000705000000| Untracked |  0
|  22|0x0000000705200000, 0x0000000705200000, 0x0000000705400000|  0%| F|  |TAMS 0x0000000705200000| PB 0x0000000705200000| Untracked |  0
|  23|0x0000000705400000, 0x0000000705400000, 0x0000000705600000|  0%| F|  |TAMS 0x0000000705400000| PB 0x0000000705400000| Untracked |  0
|  24|0x0000000705600000, 0x0000000705600000, 0x0000000705800000|  0%| F|  |TAMS 0x0000000705600000| PB 0x0000000705600000| Untracked |  0
|  25|0x0000000705800000, 0x0000000705800000, 0x0000000705a00000|  0%| F|  |TAMS 0x0000000705800000| PB 0x0000000705800000| Untracked |  0
|  26|0x0000000705a00000, 0x0000000705a00000, 0x0000000705c00000|  0%| F|  |TAMS 0x0000000705a00000| PB 0x0000000705a00000| Untracked |  0
|  27|0x0000000705c00000, 0x0000000705c00000, 0x0000000705e00000|  0%| F|  |TAMS 0x0000000705c00000| PB 0x0000000705c00000| Untracked |  0
|  28|0x0000000705e00000, 0x0000000705e00000, 0x0000000706000000|  0%| F|  |TAMS 0x0000000705e00000| PB 0x0000000705e00000| Untracked |  0
|  29|0x0000000706000000, 0x0000000706000000, 0x0000000706200000|  0%| F|  |TAMS 0x0000000706000000| PB 0x0000000706000000| Untracked |  0
|  30|0x0000000706200000, 0x0000000706200000, 0x0000000706400000|  0%| F|  |TAMS 0x0000000706200000| PB 0x0000000706200000| Untracked |  0
|  31|0x0000000706400000, 0x0000000706400000, 0x0000000706600000|  0%| F|  |TAMS 0x0000000706400000| PB 0x0000000706400000| Untracked |  0
|  32|0x0000000706600000, 0x0000000706600000, 0x0000000706800000|  0%| F|  |TAMS 0x0000000706600000| PB 0x0000000706600000| Untracked |  0
|  33|0x0000000706800000, 0x0000000706800000, 0x0000000706a00000|  0%| F|  |TAMS 0x0000000706800000| PB 0x0000000706800000| Untracked |  0
|  34|0x0000000706a00000, 0x0000000706a00000, 0x0000000706c00000|  0%| F|  |TAMS 0x0000000706a00000| PB 0x0000000706a00000| Untracked |  0
|  35|0x0000000706c00000, 0x0000000706c00000, 0x0000000706e00000|  0%| F|  |TAMS 0x0000000706c00000| PB 0x0000000706c00000| Untracked |  0
|  36|0x0000000706e00000, 0x0000000706e00000, 0x0000000707000000|  0%| F|  |TAMS 0x0000000706e00000| PB 0x0000000706e00000| Untracked |  0
|  37|0x0000000707000000, 0x0000000707000000, 0x0000000707200000|  0%| F|  |TAMS 0x0000000707000000| PB 0x0000000707000000| Untracked |  0
|  38|0x0000000707200000, 0x0000000707200000, 0x0000000707400000|  0%| F|  |TAMS 0x0000000707200000| PB 0x0000000707200000| Untracked |  0
|  39|0x0000000707400000, 0x0000000707400000, 0x0000000707600000|  0%| F|  |TAMS 0x0000000707400000| PB 0x0000000707400000| Untracked |  0
|  40|0x0000000707600000, 0x0000000707600000, 0x0000000707800000|  0%| F|  |TAMS 0x0000000707600000| PB 0x0000000707600000| Untracked |  0
|  41|0x0000000707800000, 0x0000000707800000, 0x0000000707a00000|  0%| F|  |TAMS 0x0000000707800000| PB 0x0000000707800000| Untracked |  0
|  42|0x0000000707a00000, 0x0000000707a00000, 0x0000000707c00000|  0%| F|  |TAMS 0x0000000707a00000| PB 0x0000000707a00000| Untracked |  0
|  43|0x0000000707c00000, 0x0000000707c00000, 0x0000000707e00000|  0%| F|  |TAMS 0x0000000707c00000| PB 0x0000000707c00000| Untracked |  0
|  44|0x0000000707e00000, 0x0000000707e00000, 0x0000000708000000|  0%| F|  |TAMS 0x0000000707e00000| PB 0x0000000707e00000| Untracked |  0
|  45|0x0000000708000000, 0x0000000708000000, 0x0000000708200000|  0%| F|  |TAMS 0x0000000708000000| PB 0x0000000708000000| Untracked |  0
|  46|0x0000000708200000, 0x0000000708200000, 0x0000000708400000|  0%| F|  |TAMS 0x0000000708200000| PB 0x0000000708200000| Untracked |  0
|  47|0x0000000708400000, 0x0000000708400000, 0x0000000708600000|  0%| F|  |TAMS 0x0000000708400000| PB 0x0000000708400000| Untracked |  0
|  48|0x0000000708600000, 0x0000000708600000, 0x0000000708800000|  0%| F|  |TAMS 0x0000000708600000| PB 0x0000000708600000| Untracked |  0
|  49|0x0000000708800000, 0x0000000708800000, 0x0000000708a00000|  0%| F|  |TAMS 0x0000000708800000| PB 0x0000000708800000| Untracked |  0
|  50|0x0000000708a00000, 0x0000000708a00000, 0x0000000708c00000|  0%| F|  |TAMS 0x0000000708a00000| PB 0x0000000708a00000| Untracked |  0
|  51|0x0000000708c00000, 0x0000000708c00000, 0x0000000708e00000|  0%| F|  |TAMS 0x0000000708c00000| PB 0x0000000708c00000| Untracked |  0
|  52|0x0000000708e00000, 0x0000000708e00000, 0x0000000709000000|  0%| F|  |TAMS 0x0000000708e00000| PB 0x0000000708e00000| Untracked |  0
|  53|0x0000000709000000, 0x0000000709000000, 0x0000000709200000|  0%| F|  |TAMS 0x0000000709000000| PB 0x0000000709000000| Untracked |  0
|  54|0x0000000709200000, 0x0000000709200000, 0x0000000709400000|  0%| F|  |TAMS 0x0000000709200000| PB 0x0000000709200000| Untracked |  0
|  55|0x0000000709400000, 0x0000000709400000, 0x0000000709600000|  0%| F|  |TAMS 0x0000000709400000| PB 0x0000000709400000| Untracked |  0
|  56|0x0000000709600000, 0x0000000709600000, 0x0000000709800000|  0%| F|  |TAMS 0x0000000709600000| PB 0x0000000709600000| Untracked |  0
|  57|0x0000000709800000, 0x0000000709800000, 0x0000000709a00000|  0%| F|  |TAMS 0x0000000709800000| PB 0x0000000709800000| Untracked |  0
|  58|0x0000000709a00000, 0x0000000709a00000, 0x0000000709c00000|  0%| F|  |TAMS 0x0000000709a00000| PB 0x0000000709a00000| Untracked |  0
|  59|0x0000000709c00000, 0x0000000709c00000, 0x0000000709e00000|  0%| F|  |TAMS 0x0000000709c00000| PB 0x0000000709c00000| Untracked |  0
|  60|0x0000000709e00000, 0x0000000709e00000, 0x000000070a000000|  0%| F|  |TAMS 0x0000000709e00000| PB 0x0000000709e00000| Untracked |  0
|  61|0x000000070a000000, 0x000000070a000000, 0x000000070a200000|  0%| F|  |TAMS 0x000000070a000000| PB 0x000000070a000000| Untracked |  0
|  62|0x000000070a200000, 0x000000070a200000, 0x000000070a400000|  0%| F|  |TAMS 0x000000070a200000| PB 0x000000070a200000| Untracked |  0
|  63|0x000000070a400000, 0x000000070a400000, 0x000000070a600000|  0%| F|  |TAMS 0x000000070a400000| PB 0x000000070a400000| Untracked |  0
|  64|0x000000070a600000, 0x000000070a600000, 0x000000070a800000|  0%| F|  |TAMS 0x000000070a600000| PB 0x000000070a600000| Untracked |  0
|  65|0x000000070a800000, 0x000000070a800000, 0x000000070aa00000|  0%| F|  |TAMS 0x000000070a800000| PB 0x000000070a800000| Untracked |  0
|  66|0x000000070aa00000, 0x000000070aa00000, 0x000000070ac00000|  0%| F|  |TAMS 0x000000070aa00000| PB 0x000000070aa00000| Untracked |  0
|  67|0x000000070ac00000, 0x000000070ac00000, 0x000000070ae00000|  0%| F|  |TAMS 0x000000070ac00000| PB 0x000000070ac00000| Untracked |  0
|  68|0x000000070ae00000, 0x000000070ae00000, 0x000000070b000000|  0%| F|  |TAMS 0x000000070ae00000| PB 0x000000070ae00000| Untracked |  0
|  69|0x000000070b000000, 0x000000070b000000, 0x000000070b200000|  0%| F|  |TAMS 0x000000070b000000| PB 0x000000070b000000| Untracked |  0
|  70|0x000000070b200000, 0x000000070b200000, 0x000000070b400000|  0%| F|  |TAMS 0x000000070b200000| PB 0x000000070b200000| Untracked |  0
|  71|0x000000070b400000, 0x000000070b400000, 0x000000070b600000|  0%| F|  |TAMS 0x000000070b400000| PB 0x000000070b400000| Untracked |  0
|  72|0x000000070b600000, 0x000000070b600000, 0x000000070b800000|  0%| F|  |TAMS 0x000000070b600000| PB 0x000000070b600000| Untracked |  0
|  73|0x000000070b800000, 0x000000070b800000, 0x000000070ba00000|  0%| F|  |TAMS 0x000000070b800000| PB 0x000000070b800000| Untracked |  0
|  74|0x000000070ba00000, 0x000000070ba00000, 0x000000070bc00000|  0%| F|  |TAMS 0x000000070ba00000| PB 0x000000070ba00000| Untracked |  0
|  75|0x000000070bc00000, 0x000000070bc00000, 0x000000070be00000|  0%| F|  |TAMS 0x000000070bc00000| PB 0x000000070bc00000| Untracked |  0
|  76|0x000000070be00000, 0x000000070be00000, 0x000000070c000000|  0%| F|  |TAMS 0x000000070be00000| PB 0x000000070be00000| Untracked |  0
|  77|0x000000070c000000, 0x000000070c000000, 0x000000070c200000|  0%| F|  |TAMS 0x000000070c000000| PB 0x000000070c000000| Untracked |  0
|  78|0x000000070c200000, 0x000000070c200000, 0x000000070c400000|  0%| F|  |TAMS 0x000000070c200000| PB 0x000000070c200000| Untracked |  0
|  79|0x000000070c400000, 0x000000070c400000, 0x000000070c600000|  0%| F|  |TAMS 0x000000070c400000| PB 0x000000070c400000| Untracked |  0
|  80|0x000000070c600000, 0x000000070c600000, 0x000000070c800000|  0%| F|  |TAMS 0x000000070c600000| PB 0x000000070c600000| Untracked |  0
|  81|0x000000070c800000, 0x000000070c800000, 0x000000070ca00000|  0%| F|  |TAMS 0x000000070c800000| PB 0x000000070c800000| Untracked |  0
|  82|0x000000070ca00000, 0x000000070ca00000, 0x000000070cc00000|  0%| F|  |TAMS 0x000000070ca00000| PB 0x000000070ca00000| Untracked |  0
|  83|0x000000070cc00000, 0x000000070cc00000, 0x000000070ce00000|  0%| F|  |TAMS 0x000000070cc00000| PB 0x000000070cc00000| Untracked |  0
|  84|0x000000070ce00000, 0x000000070ce00000, 0x000000070d000000|  0%| F|  |TAMS 0x000000070ce00000| PB 0x000000070ce00000| Untracked |  0
|  85|0x000000070d000000, 0x000000070d000000, 0x000000070d200000|  0%| F|  |TAMS 0x000000070d000000| PB 0x000000070d000000| Untracked |  0
|  86|0x000000070d200000, 0x000000070d200000, 0x000000070d400000|  0%| F|  |TAMS 0x000000070d200000| PB 0x000000070d200000| Untracked |  0
|  87|0x000000070d400000, 0x000000070d400000, 0x000000070d600000|  0%| F|  |TAMS 0x000000070d400000| PB 0x000000070d400000| Untracked |  0
|  88|0x000000070d600000, 0x000000070d600000, 0x000000070d800000|  0%| F|  |TAMS 0x000000070d600000| PB 0x000000070d600000| Untracked |  0
|  89|0x000000070d800000, 0x000000070d8906c0, 0x000000070da00000| 28%| S|  |TAMS 0x000000070d800000| PB 0x000000070d800000| Complete |  0
|  90|0x000000070da00000, 0x000000070dc00000, 0x000000070dc00000|100%| S|  |TAMS 0x000000070da00000| PB 0x000000070da00000| Complete |  0
|  91|0x000000070dc00000, 0x000000070de00000, 0x000000070de00000|100%| S|  |TAMS 0x000000070dc00000| PB 0x000000070dc00000| Complete |  0
|  92|0x000000070de00000, 0x000000070e000000, 0x000000070e000000|100%| S|  |TAMS 0x000000070de00000| PB 0x000000070de00000| Complete |  0
|  93|0x000000070e000000, 0x000000070e200000, 0x000000070e200000|100%| S|  |TAMS 0x000000070e000000| PB 0x000000070e000000| Complete |  0
|  94|0x000000070e200000, 0x000000070e400000, 0x000000070e400000|100%| E|CS|TAMS 0x000000070e200000| PB 0x000000070e200000| Complete |  0
|  95|0x000000070e400000, 0x000000070e600000, 0x000000070e600000|100%| E|CS|TAMS 0x000000070e400000| PB 0x000000070e400000| Complete |  0
|  96|0x000000070e600000, 0x000000070e800000, 0x000000070e800000|100%| E|CS|TAMS 0x000000070e600000| PB 0x000000070e600000| Complete |  0
|  97|0x000000070e800000, 0x000000070ea00000, 0x000000070ea00000|100%| E|CS|TAMS 0x000000070e800000| PB 0x000000070e800000| Complete |  0
|  98|0x000000070ea00000, 0x000000070ec00000, 0x000000070ec00000|100%| E|CS|TAMS 0x000000070ea00000| PB 0x000000070ea00000| Complete |  0
|  99|0x000000070ec00000, 0x000000070ee00000, 0x000000070ee00000|100%| E|CS|TAMS 0x000000070ec00000| PB 0x000000070ec00000| Complete |  0
| 100|0x000000070ee00000, 0x000000070f000000, 0x000000070f000000|100%| E|CS|TAMS 0x000000070ee00000| PB 0x000000070ee00000| Complete |  0
| 101|0x000000070f000000, 0x000000070f200000, 0x000000070f200000|100%| E|CS|TAMS 0x000000070f000000| PB 0x000000070f000000| Complete |  0
| 102|0x000000070f200000, 0x000000070f400000, 0x000000070f400000|100%| E|CS|TAMS 0x000000070f200000| PB 0x000000070f200000| Complete |  0
| 103|0x000000070f400000, 0x000000070f600000, 0x000000070f600000|100%| E|CS|TAMS 0x000000070f400000| PB 0x000000070f400000| Complete |  0
| 104|0x000000070f600000, 0x000000070f800000, 0x000000070f800000|100%| E|CS|TAMS 0x000000070f600000| PB 0x000000070f600000| Complete |  0
| 105|0x000000070f800000, 0x000000070fa00000, 0x000000070fa00000|100%| E|CS|TAMS 0x000000070f800000| PB 0x000000070f800000| Complete |  0
| 106|0x000000070fa00000, 0x000000070fc00000, 0x000000070fc00000|100%| E|CS|TAMS 0x000000070fa00000| PB 0x000000070fa00000| Complete |  0
| 107|0x000000070fc00000, 0x000000070fe00000, 0x000000070fe00000|100%| E|CS|TAMS 0x000000070fc00000| PB 0x000000070fc00000| Complete |  0
| 108|0x000000070fe00000, 0x0000000710000000, 0x0000000710000000|100%| E|CS|TAMS 0x000000070fe00000| PB 0x000000070fe00000| Complete |  0
| 109|0x0000000710000000, 0x0000000710200000, 0x0000000710200000|100%| E|CS|TAMS 0x0000000710000000| PB 0x0000000710000000| Complete |  0
| 110|0x0000000710200000, 0x0000000710400000, 0x0000000710400000|100%| E|CS|TAMS 0x0000000710200000| PB 0x0000000710200000| Complete |  0
| 111|0x0000000710400000, 0x0000000710600000, 0x0000000710600000|100%| E|CS|TAMS 0x0000000710400000| PB 0x0000000710400000| Complete |  0
| 112|0x0000000710600000, 0x0000000710800000, 0x0000000710800000|100%| E|CS|TAMS 0x0000000710600000| PB 0x0000000710600000| Complete |  0
| 113|0x0000000710800000, 0x0000000710a00000, 0x0000000710a00000|100%| E|CS|TAMS 0x0000000710800000| PB 0x0000000710800000| Complete |  0
| 114|0x0000000710a00000, 0x0000000710c00000, 0x0000000710c00000|100%| E|CS|TAMS 0x0000000710a00000| PB 0x0000000710a00000| Complete |  0
| 115|0x0000000710c00000, 0x0000000710d263a8, 0x0000000710e00000| 57%| E|CS|TAMS 0x0000000710c00000| PB 0x0000000710c00000| Complete |  0
| 116|0x0000000710e00000, 0x0000000711000000, 0x0000000711000000|100%| E|CS|TAMS 0x0000000710e00000| PB 0x0000000710e00000| Complete |  0
| 117|0x0000000711000000, 0x0000000711200000, 0x0000000711200000|100%| E|CS|TAMS 0x0000000711000000| PB 0x0000000711000000| Complete |  0
| 118|0x0000000711200000, 0x0000000711400000, 0x0000000711400000|100%| E|CS|TAMS 0x0000000711200000| PB 0x0000000711200000| Complete |  0
| 119|0x0000000711400000, 0x0000000711600000, 0x0000000711600000|100%| E|CS|TAMS 0x0000000711400000| PB 0x0000000711400000| Complete |  0
| 120|0x0000000711600000, 0x0000000711800000, 0x0000000711800000|100%| E|CS|TAMS 0x0000000711600000| PB 0x0000000711600000| Complete |  0
| 121|0x0000000711800000, 0x0000000711a00000, 0x0000000711a00000|100%| E|CS|TAMS 0x0000000711800000| PB 0x0000000711800000| Complete |  0
| 122|0x0000000711a00000, 0x0000000711c00000, 0x0000000711c00000|100%| E|CS|TAMS 0x0000000711a00000| PB 0x0000000711a00000| Complete |  0
| 123|0x0000000711c00000, 0x0000000711e00000, 0x0000000711e00000|100%| E|CS|TAMS 0x0000000711c00000| PB 0x0000000711c00000| Complete |  0
| 124|0x0000000711e00000, 0x0000000712000000, 0x0000000712000000|100%| E|CS|TAMS 0x0000000711e00000| PB 0x0000000711e00000| Complete |  0
| 125|0x0000000712000000, 0x0000000712200000, 0x0000000712200000|100%| E|CS|TAMS 0x0000000712000000| PB 0x0000000712000000| Complete |  0
| 126|0x0000000712200000, 0x0000000712400000, 0x0000000712400000|100%| E|CS|TAMS 0x0000000712200000| PB 0x0000000712200000| Complete |  0

Card table byte_map: [0x0000025c80000000,0x0000025c807f0000] _byte_map_base: 0x0000025c7c7ed000

Marking Bits: (CMBitMap*) 0x0000025ce7522720
 Bits: [0x0000025c807f0000, 0x0000025c84758000)

Polling page: 0x0000025ce5c90000

Metaspace:

Usage:
  Non-class:     13.53 MB used.
      Class:      1.89 MB used.
       Both:     15.42 MB used.

Virtual space:
  Non-class space:       64.00 MB reserved,      13.62 MB ( 21%) committed,  1 nodes.
      Class space:        1.00 GB reserved,       2.00 MB ( <1%) committed,  1 nodes.
             Both:        1.06 GB reserved,      15.62 MB (  1%) committed. 

Chunk freelists:
   Non-Class:  2.19 MB
       Class:  13.89 MB
        Both:  16.08 MB

MaxMetaspaceSize: unlimited
CompressedClassSpaceSize: 1.00 GB
Initial GC threshold: 21.00 MB
Current GC threshold: 21.00 MB
CDS: on
 - commit_granule_bytes: 65536.
 - commit_granule_words: 8192.
 - virtual_space_node_default_size: 8388608.
 - enlarge_chunks_in_place: 1.
 - use_allocation_guard: 0.


Internal statistics:

num_allocs_failed_limit: 0.
num_arena_births: 170.
num_arena_deaths: 0.
num_vsnodes_births: 2.
num_vsnodes_deaths: 0.
num_space_committed: 250.
num_space_uncommitted: 0.
num_chunks_returned_to_freelist: 0.
num_chunks_taken_from_freelist: 688.
num_chunk_merges: 0.
num_chunk_splits: 483.
num_chunks_enlarged: 388.
num_inconsistent_stats: 0.

CodeHeap 'non-profiled nmethods': size=120064Kb used=1375Kb max_used=1375Kb free=118688Kb
 bounds [0x0000025cf7780000, 0x0000025cf79f0000, 0x0000025cfecc0000]
CodeHeap 'profiled nmethods': size=120000Kb used=5563Kb max_used=5563Kb free=114436Kb
 bounds [0x0000025cefcc0000, 0x0000025cf0230000, 0x0000025cf71f0000]
CodeHeap 'non-nmethods': size=5696Kb used=1402Kb max_used=1454Kb free=4293Kb
 bounds [0x0000025cf71f0000, 0x0000025cf7460000, 0x0000025cf7780000]
CodeCache: size=245760Kb, used=8340Kb, max_used=8392Kb, free=237417Kb
 total_blobs=4308, nmethods=3801, adapters=412, full_count=0
Compilation: enabled, stopped_count=0, restarted_count=0

Compilation events (20 events):
Event: 3.304 Thread 0x0000025c87922f10 3786       4       org.codehaus.plexus.util.xml.Xpp3Dom::getAttributeNames (45 bytes)
Event: 3.307 Thread 0x0000025c87922f10 nmethod 3786 0x0000025cf78d6b08 code [0x0000025cf78d6c40, 0x0000025cf78d6fb0]
Event: 3.307 Thread 0x0000025c87922f10 3756       4       java.util.ArrayList::remove (26 bytes)
Event: 3.309 Thread 0x0000025c87922f10 nmethod 3756 0x0000025cf78d7088 code [0x0000025cf78d71a0, 0x0000025cf78d7450]
Event: 3.309 Thread 0x0000025c87922f10 3776       4       org.apache.maven.model.io.xpp3.MavenXpp3Reader::checkFieldWithDuplicate (75 bytes)
Event: 3.310 Thread 0x0000025c871b3460 3798       3       java.util.regex.Pattern::group0 (1094 bytes)
Event: 3.312 Thread 0x0000025c871b3460 nmethod 3798 0x0000025cf0228888 code [0x0000025cf0229060, 0x0000025cf022d830]
Event: 3.312 Thread 0x0000025c871b3460 3802       1       java.util.Collections$EmptyList::size (2 bytes)
Event: 3.313 Thread 0x0000025c871b3460 nmethod 3802 0x0000025cf78d7488 code [0x0000025cf78d75a0, 0x0000025cf78d7668]
Event: 3.313 Thread 0x0000025c871b3460 3803       1       org.apache.maven.artifact.handler.DefaultArtifactHandler::getClassifier (5 bytes)
Event: 3.313 Thread 0x0000025c871b3460 nmethod 3803 0x0000025cf78d7788 code [0x0000025cf78d78a0, 0x0000025cf78d7970]
Event: 3.313 Thread 0x0000025c871b3460 3799       3       org.apache.maven.model.Model::getProjectDirectory (19 bytes)
Event: 3.313 Thread 0x0000025c871b3460 nmethod 3799 0x0000025cf022d908 code [0x0000025cf022da40, 0x0000025cf022dc18]
Event: 3.313 Thread 0x0000025c871b3460 3801       1       org.apache.maven.model.DistributionManagement::getSite (5 bytes)
Event: 3.313 Thread 0x0000025c871b3460 nmethod 3801 0x0000025cf78d7a88 code [0x0000025cf78d7ba0, 0x0000025cf78d7c70]
Event: 3.327 Thread 0x0000025c871b3460 3806       3       java.util.zip.ZipFile$Source::getMetaVersion (221 bytes)
Event: 3.328 Thread 0x0000025c871b3460 nmethod 3806 0x0000025cf022dc88 code [0x0000025cf022de00, 0x0000025cf022e4b8]
Event: 3.328 Thread 0x0000025c871b3460 3805       3       java.util.zip.ZipFile$Source::isSignatureRelated (227 bytes)
Event: 3.328 Thread 0x0000025c871b3460 nmethod 3805 0x0000025cf022e508 code [0x0000025cf022e660, 0x0000025cf022ec40]
Event: 3.328 Thread 0x0000025c871b3460 3808   !   3       org.codehaus.plexus.util.xml.pull.MXParser::parseCharOrPredefinedEntityRef (949 bytes)

GC Heap History (5 events):
Event: 0.749 GC heap before
{Heap before GC invocations=0 (full 0):
 garbage-first heap   total reserved 4155392K, committed 260096K, used 24576K [0x0000000702600000, 0x0000000800000000)
  region size 2048K, 12 young (24576K), 0 survivors (0K)
 Metaspace       used 5877K, committed 6080K, reserved 1114112K
  class space    used 725K, committed 832K, reserved 1048576K
}
Event: 0.754 GC heap after
{Heap after GC invocations=1 (full 0):
 garbage-first heap   total reserved 4155392K, committed 260096K, used 3898K [0x0000000702600000, 0x0000000800000000)
  region size 2048K, 2 young (4096K), 2 survivors (4096K)
 Metaspace       used 5877K, committed 6080K, reserved 1114112K
  class space    used 725K, committed 832K, reserved 1048576K
}
Event: 1.261 GC heap before
{Heap before GC invocations=1 (full 0):
 garbage-first heap   total reserved 4155392K, committed 260096K, used 24378K [0x0000000702600000, 0x0000000800000000)
  region size 2048K, 13 young (26624K), 2 survivors (4096K)
 Metaspace       used 8397K, committed 8576K, reserved 1114112K
  class space    used 1023K, committed 1152K, reserved 1048576K
}
Event: 1.265 GC heap after
{Heap after GC invocations=2 (full 0):
 garbage-first heap   total reserved 4155392K, committed 260096K, used 5025K [0x0000000702600000, 0x0000000800000000)
  region size 2048K, 1 young (2048K), 1 survivors (2048K)
 Metaspace       used 8397K, committed 8576K, reserved 1114112K
  class space    used 1023K, committed 1152K, reserved 1048576K
}
Event: 3.330 GC heap before
{Heap before GC invocations=2 (full 0):
 garbage-first heap   total reserved 4155392K, committed 260096K, used 70561K [0x0000000702600000, 0x0000000800000000)
  region size 2048K, 33 young (67584K), 1 survivors (2048K)
 Metaspace       used 15788K, committed 16000K, reserved 1114112K
  class space    used 1935K, committed 2048K, reserved 1048576K
}

Dll operation events (8 events):
Event: 0.010 Loaded shared library C:\Users\AbdifatahAbdulkadir\.jdks\openjdk-23.0.2\bin\java.dll
Event: 0.040 Loaded shared library C:\Users\AbdifatahAbdulkadir\.jdks\openjdk-23.0.2\bin\jsvml.dll
Event: 0.059 Loaded shared library C:\Users\AbdifatahAbdulkadir\.jdks\openjdk-23.0.2\bin\net.dll
Event: 0.061 Loaded shared library C:\Users\AbdifatahAbdulkadir\.jdks\openjdk-23.0.2\bin\nio.dll
Event: 0.064 Loaded shared library C:\Users\AbdifatahAbdulkadir\.jdks\openjdk-23.0.2\bin\zip.dll
Event: 0.195 Loaded shared library C:\Users\AbdifatahAbdulkadir\.jdks\openjdk-23.0.2\bin\jimage.dll
Event: 0.195 Loaded shared library C:\Users\AbdifatahAbdulkadir\.m2\wrapper\dists\apache-maven-3.9.9\977a63e90f436cd6ade95b4c0e10c20c\lib\jansi-native\Windows\x86_64\jansi.dll
Event: 0.213 Loaded shared library C:\Users\AbdifatahAbdulkadir\.jdks\openjdk-23.0.2\bin\verify.dll

Deoptimization events (20 events):
Event: 2.864 Thread 0x0000025ce5943bf0 Uncommon trap: trap_request=0xffffff45 fr.pc=0x0000025cf778bdcc relative=0x000000000000014c
Event: 2.864 Thread 0x0000025ce5943bf0 Uncommon trap: reason=unstable_if action=reinterpret pc=0x0000025cf778bdcc method=java.lang.String.indexOf(I)I @ 4 c2
Event: 2.864 Thread 0x0000025ce5943bf0 DEOPT PACKING pc=0x0000025cf778bdcc sp=0x000000de4f6fe060
Event: 2.864 Thread 0x0000025ce5943bf0 DEOPT UNPACKING pc=0x0000025cf7244402 sp=0x000000de4f6fe000 mode 2
Event: 2.864 Thread 0x0000025ce5943bf0 Uncommon trap: trap_request=0xffffff45 fr.pc=0x0000025cf77b435c relative=0x000000000000061c
Event: 2.864 Thread 0x0000025ce5943bf0 Uncommon trap: reason=unstable_if action=reinterpret pc=0x0000025cf77b435c method=java.lang.String.substring(II)Ljava/lang/String; @ 31 c2
Event: 2.864 Thread 0x0000025ce5943bf0 DEOPT PACKING pc=0x0000025cf77b435c sp=0x000000de4f6fe000
Event: 2.864 Thread 0x0000025ce5943bf0 DEOPT UNPACKING pc=0x0000025cf7244402 sp=0x000000de4f6fdfd0 mode 2
Event: 2.966 Thread 0x0000025ce5943bf0 DEOPT PACKING pc=0x0000025cefd487ac sp=0x000000de4f6fe190
Event: 2.966 Thread 0x0000025ce5943bf0 DEOPT UNPACKING pc=0x0000025cf7244b22 sp=0x000000de4f6fd690 mode 0
Event: 3.137 Thread 0x0000025ce5943bf0 Uncommon trap: trap_request=0xffffff45 fr.pc=0x0000025cf78a8208 relative=0x0000000000000088
Event: 3.137 Thread 0x0000025ce5943bf0 Uncommon trap: reason=unstable_if action=reinterpret pc=0x0000025cf78a8208 method=org.apache.maven.model.validation.DefaultModelValidator.isValidIdCharacter(C)Z @ 51 c2
Event: 3.137 Thread 0x0000025ce5943bf0 DEOPT PACKING pc=0x0000025cf78a8208 sp=0x000000de4f6fe340
Event: 3.137 Thread 0x0000025ce5943bf0 DEOPT UNPACKING pc=0x0000025cf7244402 sp=0x000000de4f6fe2d8 mode 2
Event: 3.249 Thread 0x0000025ce5943bf0 DEOPT PACKING pc=0x0000025cf016ea0d sp=0x000000de4f6fd6b0
Event: 3.250 Thread 0x0000025ce5943bf0 DEOPT UNPACKING pc=0x0000025cf7244b22 sp=0x000000de4f6fcbe8 mode 0
Event: 3.252 Thread 0x0000025ce5943bf0 DEOPT PACKING pc=0x0000025cf00d148c sp=0x000000de4f6fd370
Event: 3.252 Thread 0x0000025ce5943bf0 DEOPT UNPACKING pc=0x0000025cf7244b22 sp=0x000000de4f6fc8c8 mode 0
Event: 3.274 Thread 0x0000025ce5943bf0 DEOPT PACKING pc=0x0000025cf00d148c sp=0x000000de4f6fd2e0
Event: 3.274 Thread 0x0000025ce5943bf0 DEOPT UNPACKING pc=0x0000025cf7244b22 sp=0x000000de4f6fc838 mode 0

Classes loaded (20 events):
Event: 2.163 Loading class java/util/AbstractMap$ValueIterator
Event: 2.163 Loading class java/util/AbstractMap$ValueIterator done
Event: 2.254 Loading class sun/util/resources/LocaleData$CommonResourceBundleProvider
Event: 2.254 Loading class sun/util/resources/LocaleData$LocaleDataResourceBundleProvider
Event: 2.254 Loading class java/util/spi/ResourceBundleProvider
Event: 2.255 Loading class java/util/spi/ResourceBundleProvider done
Event: 2.255 Loading class sun/util/resources/LocaleData$LocaleDataResourceBundleProvider done
Event: 2.255 Loading class sun/util/resources/LocaleData$CommonResourceBundleProvider done
Event: 2.255 Loading class sun/util/resources/Bundles$2
Event: 2.255 Loading class sun/util/resources/Bundles$2 done
Event: 2.288 Loading class java/util/stream/IntStream
Event: 2.288 Loading class java/util/stream/IntStream done
Event: 2.288 Loading class java/util/stream/IntPipeline$Head
Event: 2.288 Loading class java/util/stream/IntPipeline
Event: 2.288 Loading class java/util/stream/IntPipeline done
Event: 2.288 Loading class java/util/stream/IntPipeline$Head done
Event: 2.294 Loading class java/util/StringTokenizer
Event: 2.295 Loading class java/util/StringTokenizer done
Event: 2.364 Loading class java/util/stream/Streams$RangeIntSpliterator
Event: 2.364 Loading class java/util/stream/Streams$RangeIntSpliterator done

Classes unloaded (0 events):
No events

Classes redefined (0 events):
No events

Internal exceptions (20 events):
Event: 1.527 Thread 0x0000025ce5943bf0 Exception <a 'java/lang/NoSuchMethodError'{0x00000007116039b8}: 'void java.lang.invoke.DirectMethodHandle$Holder.invokeStaticInit(java.lang.Object, java.lang.Object, java.lang.Object)'> (0x00000007116039b8) 
thrown [s\open\src\hotspot\share\interpreter\linkResolver.cpp, line 796]
Event: 1.532 Thread 0x0000025ce5943bf0 Exception <a 'java/lang/ExceptionInInitializerError'{0x000000071162da90}> (0x000000071162da90) 
thrown [s\open\src\hotspot\share\oops\instanceKlass.cpp, line 1236]
Event: 1.559 Thread 0x0000025ce5943bf0 Exception <a 'java/lang/NoSuchMethodError'{0x0000000711747a68}: 'long java.lang.invoke.DirectMethodHandle$Holder.invokeStatic(java.lang.Object, java.lang.Object, int)'> (0x0000000711747a68) 
thrown [s\open\src\hotspot\share\interpreter\linkResolver.cpp, line 796]
Event: 1.560 Thread 0x0000025ce5943bf0 Exception <a 'java/lang/NoSuchMethodError'{0x000000071175b038}: 'java.lang.Object java.lang.invoke.DirectMethodHandle$Holder.invokeStatic(java.lang.Object, java.lang.Object, java.lang.Object, java.lang.Object, int)'> (0x000000071175b038) 
thrown [s\open\src\hotspot\share\interpreter\linkResolver.cpp, line 796]
Event: 1.561 Thread 0x0000025ce5943bf0 Exception <a 'java/lang/NoSuchMethodError'{0x0000000711763220}: 'java.lang.Object java.lang.invoke.DirectMethodHandle$Holder.invokeSpecial(java.lang.Object, java.lang.Object, java.lang.Object, java.lang.Object, long)'> (0x0000000711763220) 
thrown [s\open\src\hotspot\share\interpreter\linkResolver.cpp, line 796]
Event: 1.562 Thread 0x0000025ce5943bf0 Exception <a 'java/lang/NoSuchMethodError'{0x000000071176f008}: 'java.lang.Object java.lang.invoke.DirectMethodHandle$Holder.invokeSpecial(java.lang.Object, java.lang.Object, java.lang.Object, int, java.lang.Object)'> (0x000000071176f008) 
thrown [s\open\src\hotspot\share\interpreter\linkResolver.cpp, line 796]
Event: 1.565 Thread 0x0000025ce5943bf0 Implicit null exception at 0x0000025cf78134c0 to 0x0000025cf7813650
Event: 1.567 Thread 0x0000025ce5943bf0 Exception <a 'java/lang/NoSuchMethodError'{0x00000007117984d8}: 'java.lang.Object java.lang.invoke.Invokers$Holder.invokeExact_MT(java.lang.Object, int, java.lang.Object)'> (0x00000007117984d8) 
thrown [s\open\src\hotspot\share\interpreter\linkResolver.cpp, line 796]
Event: 1.816 Thread 0x0000025ce5943bf0 Exception <a 'java/lang/NoSuchMethodError'{0x0000000710a51f50}: 'void java.lang.invoke.Invokers$Holder.invokeExact_MT(java.lang.Object, java.lang.Object, java.lang.Object, java.lang.Object)'> (0x0000000710a51f50) 
thrown [s\open\src\hotspot\share\interpreter\linkResolver.cpp, line 796]
Event: 1.843 Thread 0x0000025ce5943bf0 Exception <a 'java/lang/NoClassDefFoundError'{0x0000000710ae74f0}: com/google/inject/servlet/ServletModuleTargetVisitor> (0x0000000710ae74f0) 
thrown [s\open\src\hotspot\share\classfile\systemDictionary.cpp, line 302]
Event: 1.925 Thread 0x0000025ce5943bf0 Exception <a 'java/lang/NoSuchMethodError'{0x00000007108a98b8}: 'void java.lang.invoke.DirectMethodHandle$Holder.invokeVirtual(java.lang.Object, java.lang.Object)'> (0x00000007108a98b8) 
thrown [s\open\src\hotspot\share\interpreter\linkResolver.cpp, line 796]
Event: 1.961 Thread 0x0000025ce5943bf0 Exception <a 'java/lang/NoSuchMethodError'{0x0000000710929b78}: 'java.lang.Object java.lang.invoke.DirectMethodHandle$Holder.invokeStaticInit(java.lang.Object, int, int, int, int)'> (0x0000000710929b78) 
thrown [s\open\src\hotspot\share\interpreter\linkResolver.cpp, line 796]
Event: 2.117 Thread 0x0000025ce5943bf0 Implicit null exception at 0x0000025cf77b7194 to 0x0000025cf77b7824
Event: 2.117 Thread 0x0000025ce5943bf0 Implicit null exception at 0x0000025cf77b9910 to 0x0000025cf77b9f94
Event: 2.185 Thread 0x0000025ce5943bf0 Exception <a 'java/lang/NoSuchMethodError'{0x00000007102cb1d0}: 'void java.lang.invoke.DirectMethodHandle$Holder.invokeSpecial(java.lang.Object, java.lang.Object, java.lang.Object, java.lang.Object, java.lang.Object)'> (0x00000007102cb1d0) 
thrown [s\open\src\hotspot\share\interpreter\linkResolver.cpp, line 796]
Event: 2.188 Thread 0x0000025ce5943bf0 Exception <a 'java/lang/NoSuchMethodError'{0x00000007102e1978}: 'void java.lang.invoke.DirectMethodHandle$Holder.invokeSpecial(java.lang.Object, java.lang.Object, java.lang.Object, java.lang.Object, java.lang.Object, java.lang.Object)'> (0x00000007102e1978) 
thrown [s\open\src\hotspot\share\interpreter\linkResolver.cpp, line 796]
Event: 2.226 Thread 0x0000025ce5943bf0 Exception <a 'java/lang/NoSuchMethodError'{0x00000007103cf748}: 'java.lang.Object java.lang.invoke.DirectMethodHandle$Holder.invokeVirtual(java.lang.Object, java.lang.Object, java.lang.Object)'> (0x00000007103cf748) 
thrown [s\open\src\hotspot\share\interpreter\linkResolver.cpp, line 796]
Event: 2.307 Thread 0x0000025ce5943bf0 Exception <a 'java/lang/NoSuchMethodError'{0x00000007101c1b70}: 'void java.lang.invoke.DirectMethodHandle$Holder.invokeVirtual(java.lang.Object, java.lang.Object, int)'> (0x00000007101c1b70) 
thrown [s\open\src\hotspot\share\interpreter\linkResolver.cpp, line 796]
Event: 2.307 Thread 0x0000025ce5943bf0 Exception <a 'java/lang/NoSuchMethodError'{0x00000007101c5988}: 'void java.lang.invoke.DirectMethodHandle$Holder.invokeSpecial(java.lang.Object, java.lang.Object, java.lang.Object, int)'> (0x00000007101c5988) 
thrown [s\open\src\hotspot\share\interpreter\linkResolver.cpp, line 796]
Event: 2.308 Thread 0x0000025ce5943bf0 Exception <a 'java/lang/NoSuchMethodError'{0x00000007101c9070}: 'void java.lang.invoke.DelegatingMethodHandle$Holder.reinvoke_L(java.lang.Object, java.lang.Object, int)'> (0x00000007101c9070) 
thrown [s\open\src\hotspot\share\interpreter\linkResolver.cpp, line 796]

VM Operations (20 events):
Event: 1.602 Executing VM operation: HandshakeAllThreads (Deoptimize) done
Event: 1.604 Executing VM operation: HandshakeAllThreads (Deoptimize)
Event: 1.604 Executing VM operation: HandshakeAllThreads (Deoptimize) done
Event: 1.648 Executing VM operation: HandshakeAllThreads (Deoptimize)
Event: 1.648 Executing VM operation: HandshakeAllThreads (Deoptimize) done
Event: 1.811 Executing VM operation: HandshakeAllThreads (Deoptimize)
Event: 1.811 Executing VM operation: HandshakeAllThreads (Deoptimize) done
Event: 1.935 Executing VM operation: HandshakeAllThreads (Deoptimize)
Event: 1.935 Executing VM operation: HandshakeAllThreads (Deoptimize) done
Event: 1.974 Executing VM operation: HandshakeAllThreads (Deoptimize)
Event: 1.974 Executing VM operation: HandshakeAllThreads (Deoptimize) done
Event: 2.023 Executing VM operation: HandshakeAllThreads (Deoptimize)
Event: 2.023 Executing VM operation: HandshakeAllThreads (Deoptimize) done
Event: 2.047 Executing VM operation: HandshakeAllThreads (Deoptimize)
Event: 2.048 Executing VM operation: HandshakeAllThreads (Deoptimize) done
Event: 2.072 Executing VM operation: HandshakeAllThreads (Deoptimize)
Event: 2.072 Executing VM operation: HandshakeAllThreads (Deoptimize) done
Event: 2.073 Executing VM operation: HandshakeAllThreads (Deoptimize)
Event: 2.073 Executing VM operation: HandshakeAllThreads (Deoptimize) done
Event: 3.330 Executing VM operation: G1CollectForAllocation (G1 Evacuation Pause)

Memory protections (0 events):
No events

Nmethod flushes (0 events):
No events

Events (17 events):
Event: 0.024 Thread 0x0000025ce5943bf0 Thread added: 0x0000025ce5943bf0
Event: 0.037 Thread 0x0000025ce5943bf0 Thread added: 0x0000025c8719d9e0
Event: 0.037 Thread 0x0000025ce5943bf0 Thread added: 0x0000025c871a0550
Event: 0.037 Thread 0x0000025ce5943bf0 Thread added: 0x0000025c871a2690
Event: 0.038 Thread 0x0000025ce5943bf0 Thread added: 0x0000025c871a3220
Event: 0.038 Thread 0x0000025ce5943bf0 Thread added: 0x0000025c871a7780
Event: 0.038 Thread 0x0000025ce5943bf0 Thread added: 0x0000025c871a8530
Event: 0.038 Thread 0x0000025ce5943bf0 Thread added: 0x0000025c871aa9a0
Event: 0.038 Thread 0x0000025ce5943bf0 Thread added: 0x0000025c871b3460
Event: 0.055 Thread 0x0000025ce5943bf0 Thread added: 0x0000025c87357880
Event: 0.056 Thread 0x0000025ce5943bf0 Thread added: 0x0000025c87360b80
Event: 0.192 Thread 0x0000025ce5943bf0 Thread added: 0x0000025c877eff10
Event: 0.211 Thread 0x0000025c877eff10 Thread exited: 0x0000025c877eff10
Event: 0.303 Thread 0x0000025c871b3460 Thread added: 0x0000025c87922f10
Event: 0.709 Thread 0x0000025c871b3460 Thread added: 0x0000025ccd0417a0
Event: 2.046 Thread 0x0000025ce5943bf0 Thread added: 0x0000025ccdd4e0a0
Event: 2.693 Thread 0x0000025ccd0417a0 Thread exited: 0x0000025ccd0417a0


Dynamic libraries:
0x00007ff7a0e30000 - 0x00007ff7a0e3e000 	C:\Users\AbdifatahAbdulkadir\.jdks\openjdk-23.0.2\bin\java.exe
0x00007ffb4c200000 - 0x00007ffb4c460000 	C:\WINDOWS\SYSTEM32\ntdll.dll
0x00007ffb4a6c0000 - 0x00007ffb4a787000 	C:\WINDOWS\System32\KERNEL32.DLL
0x00007ffb49730000 - 0x00007ffb49afa000 	C:\WINDOWS\System32\KERNELBASE.dll
0x00007ffb49470000 - 0x00007ffb495bb000 	C:\WINDOWS\System32\ucrtbase.dll
0x00007ffb2fde0000 - 0x00007ffb2fdf7000 	C:\Users\AbdifatahAbdulkadir\.jdks\openjdk-23.0.2\bin\jli.dll
0x00007ffb31e20000 - 0x00007ffb31e3b000 	C:\Users\AbdifatahAbdulkadir\.jdks\openjdk-23.0.2\bin\VCRUNTIME140.dll
0x00007ffb4b370000 - 0x00007ffb4b53c000 	C:\WINDOWS\System32\USER32.dll
0x00007ffb2f110000 - 0x00007ffb2f3a7000 	C:\WINDOWS\WinSxS\amd64_microsoft.windows.common-controls_6595b64144ccf1df_6.0.26100.3624_none_3e086962e3345f24\COMCTL32.dll
0x00007ffb49ba0000 - 0x00007ffb49bc7000 	C:\WINDOWS\System32\win32u.dll
0x00007ffb4a790000 - 0x00007ffb4a839000 	C:\WINDOWS\System32\msvcrt.dll
0x00007ffb4c100000 - 0x00007ffb4c12a000 	C:\WINDOWS\System32\GDI32.dll
0x00007ffb49d40000 - 0x00007ffb49e71000 	C:\WINDOWS\System32\gdi32full.dll
0x00007ffb49bd0000 - 0x00007ffb49c73000 	C:\WINDOWS\System32\msvcp_win.dll
0x00007ffb4b860000 - 0x00007ffb4b88f000 	C:\WINDOWS\System32\IMM32.DLL
0x00007ffb31690000 - 0x00007ffb3169c000 	C:\Users\AbdifatahAbdulkadir\.jdks\openjdk-23.0.2\bin\vcruntime140_1.dll
0x00007ffb08940000 - 0x00007ffb089ce000 	C:\Users\AbdifatahAbdulkadir\.jdks\openjdk-23.0.2\bin\msvcp140.dll
0x00007ffb01bb0000 - 0x00007ffb02900000 	C:\Users\AbdifatahAbdulkadir\.jdks\openjdk-23.0.2\bin\server\jvm.dll
0x00007ffb4b8a0000 - 0x00007ffb4b952000 	C:\WINDOWS\System32\ADVAPI32.dll
0x00007ffb4aa80000 - 0x00007ffb4ab26000 	C:\WINDOWS\System32\sechost.dll
0x00007ffb4b740000 - 0x00007ffb4b856000 	C:\WINDOWS\System32\RPCRT4.dll
0x00007ffb4a640000 - 0x00007ffb4a6b4000 	C:\WINDOWS\System32\WS2_32.dll
0x00007ffb47ef0000 - 0x00007ffb47f4e000 	C:\WINDOWS\SYSTEM32\POWRPROF.dll
0x00007ffb32010000 - 0x00007ffb32046000 	C:\WINDOWS\SYSTEM32\WINMM.dll
0x00007ffb3d920000 - 0x00007ffb3d92b000 	C:\WINDOWS\SYSTEM32\VERSION.dll
0x00007ffb47ed0000 - 0x00007ffb47ee4000 	C:\WINDOWS\SYSTEM32\UMPDC.dll
0x00007ffb481b0000 - 0x00007ffb481ca000 	C:\WINDOWS\SYSTEM32\kernel.appcore.dll
0x00007ffb2fe30000 - 0x00007ffb2fe3a000 	C:\Users\AbdifatahAbdulkadir\.jdks\openjdk-23.0.2\bin\jimage.dll
0x00007ffb46ac0000 - 0x00007ffb46d01000 	C:\WINDOWS\SYSTEM32\DBGHELP.DLL
0x00007ffb4a2b0000 - 0x00007ffb4a632000 	C:\WINDOWS\System32\combase.dll
0x00007ffb4c020000 - 0x00007ffb4c0f6000 	C:\WINDOWS\System32\OLEAUT32.dll
0x00007ffb43760000 - 0x00007ffb43799000 	C:\WINDOWS\SYSTEM32\dbgcore.DLL
0x00007ffb49b00000 - 0x00007ffb49b99000 	C:\WINDOWS\System32\bcryptPrimitives.dll
0x00007ffb2fd40000 - 0x00007ffb2fd5e000 	C:\Users\AbdifatahAbdulkadir\.jdks\openjdk-23.0.2\bin\java.dll
0x00007ffb4b540000 - 0x00007ffb4b6d6000 	C:\WINDOWS\System32\ole32.dll
0x00007ffb4ac40000 - 0x00007ffb4b369000 	C:\WINDOWS\System32\SHELL32.dll
0x00007ffb495c0000 - 0x00007ffb49728000 	C:\WINDOWS\System32\wintypes.dll
0x00007ffb46d30000 - 0x00007ffb47582000 	C:\WINDOWS\SYSTEM32\windows.storage.dll
0x00007ffb4b960000 - 0x00007ffb4ba4d000 	C:\WINDOWS\System32\SHCORE.dll
0x00007ffb4abd0000 - 0x00007ffb4ac34000 	C:\WINDOWS\System32\shlwapi.dll
0x00007ffb492f0000 - 0x00007ffb4931f000 	C:\WINDOWS\SYSTEM32\profapi.dll
0x00007ffb08180000 - 0x00007ffb08257000 	C:\Users\AbdifatahAbdulkadir\.jdks\openjdk-23.0.2\bin\jsvml.dll
0x00007ffb2f480000 - 0x00007ffb2f490000 	C:\Users\AbdifatahAbdulkadir\.jdks\openjdk-23.0.2\bin\net.dll
0x00007ffb487d0000 - 0x00007ffb4883a000 	C:\WINDOWS\system32\mswsock.dll
0x00007ffb2f3e0000 - 0x00007ffb2f3f6000 	C:\Users\AbdifatahAbdulkadir\.jdks\openjdk-23.0.2\bin\nio.dll
0x00007ffb2d3d0000 - 0x00007ffb2d3e7000 	C:\Users\AbdifatahAbdulkadir\.jdks\openjdk-23.0.2\bin\zip.dll
0x00007ffb21ba0000 - 0x00007ffb21bc4000 	C:\Users\AbdifatahAbdulkadir\.m2\wrapper\dists\apache-maven-3.9.9\977a63e90f436cd6ade95b4c0e10c20c\lib\jansi-native\Windows\x86_64\jansi.dll
0x00007ffb2ca70000 - 0x00007ffb2ca80000 	C:\Users\AbdifatahAbdulkadir\.jdks\openjdk-23.0.2\bin\verify.dll

dbghelp: loaded successfully - version: 4.0.5 - missing functions: none
symbol engine: initialized successfully - sym options: 0x614 - pdb path: .;C:\Users\AbdifatahAbdulkadir\.jdks\openjdk-23.0.2\bin;C:\WINDOWS\SYSTEM32;C:\WINDOWS\WinSxS\amd64_microsoft.windows.common-controls_6595b64144ccf1df_6.0.26100.3624_none_3e086962e3345f24;C:\Users\AbdifatahAbdulkadir\.jdks\openjdk-23.0.2\bin\server;C:\Users\AbdifatahAbdulkadir\.m2\wrapper\dists\apache-maven-3.9.9\977a63e90f436cd6ade95b4c0e10c20c\lib\jansi-native\Windows\x86_64

VM Arguments:
jvm_args: -Dclassworlds.conf=C:\Users\AbdifatahAbdulkadir\.m2\wrapper\dists\apache-maven-3.9.9\977a63e90f436cd6ade95b4c0e10c20c\bin\m2.conf -Dmaven.home=C:\Users\AbdifatahAbdulkadir\.m2\wrapper\dists\apache-maven-3.9.9\977a63e90f436cd6ade95b4c0e10c20c -Dlibrary.jansi.path=C:\Users\AbdifatahAbdulkadir\.m2\wrapper\dists\apache-maven-3.9.9\977a63e90f436cd6ade95b4c0e10c20c\lib\jansi-native -Dmaven.multiModuleProjectDirectory=C:\Users\AbdifatahAbdulkadir\Java\auth-server1\quotee-service 
java_command: org.codehaus.plexus.classworlds.launcher.Launcher clean package -DskipTests
java_class_path (initial): C:\Users\AbdifatahAbdulkadir\.m2\wrapper\dists\apache-maven-3.9.9\977a63e90f436cd6ade95b4c0e10c20c\boot\plexus-classworlds-2.8.0.jar
Launcher Type: SUN_STANDARD

[Global flags]
     intx CICompilerCount                          = 4                                         {product} {ergonomic}
     uint ConcGCThreads                            = 2                                         {product} {ergonomic}
     uint G1ConcRefinementThreads                  = 8                                         {product} {ergonomic}
   size_t G1HeapRegionSize                         = 2097152                                   {product} {ergonomic}
   size_t InitialHeapSize                          = 266338304                                 {product} {ergonomic}
   size_t MarkStackSize                            = 4194304                                   {product} {ergonomic}
   size_t MarkStackSizeMax                         = 536870912                                 {product} {ergonomic}
   size_t MaxHeapSize                              = 4255121408                                {product} {ergonomic}
   size_t MaxNewSize                               = 2552233984                                {product} {ergonomic}
   size_t MinHeapDeltaBytes                        = 2097152                                   {product} {ergonomic}
   size_t MinHeapSize                              = 8388608                                   {product} {ergonomic}
    uintx NonNMethodCodeHeapSize                   = 5832704                                {pd product} {ergonomic}
    uintx NonProfiledCodeHeapSize                  = 122945536                              {pd product} {ergonomic}
    uintx ProfiledCodeHeapSize                     = 122880000                              {pd product} {ergonomic}
    uintx ReservedCodeCacheSize                    = 251658240                              {pd product} {ergonomic}
     bool SegmentedCodeCache                       = true                                      {product} {ergonomic}
   size_t SoftMaxHeapSize                          = 4255121408                             {manageable} {ergonomic}
     bool UseCompressedOops                        = true                           {product lp64_product} {ergonomic}
     bool UseG1GC                                  = true                                      {product} {ergonomic}
     bool UseLargePagesIndividualAllocation        = false                                  {pd product} {ergonomic}

Logging:
Log output configuration:
 #0: stdout all=warning uptime,level,tags foldmultilines=false
 #1: stderr all=off uptime,level,tags foldmultilines=false

Environment Variables:
JAVA_HOME=C:\Users\AbdifatahAbdulkadir\.jdks\openjdk-23.0.2
PATH=C:\Program Files\Common Files\Oracle\Java\javapath;C:\Python312\Scripts\;C:\Python312\;C:\Program Files (x86)\Common Files\Oracle\Java\java8path;C:\Program Files (x86)\Common Files\Oracle\Java\javapath;C:\WINDOWS\system32;C:\WINDOWS;C:\WINDOWS\System32\Wbem;C:\WINDOWS\System32\WindowsPowerShell\v1.0\;C:\WINDOWS\System32\OpenSSH\;C:\Program Files\nodejs\;C:\ProgramData\chocolatey\bin;C:\Program Files\Docker\Docker\resources\bin;C:\Program Files\dotnet\;C:\Program Files (x86)\Gpg4win\..\GnuPG\bin;C:\Program Files\Git\cmd;C:\Users\AbdifatahAbdulkadir\AppData\Local\Microsoft\WindowsApps;C:\Users\AbdifatahAbdulkadir\AppData\Roaming\npm;C:\Program Files\JetBrains\IntelliJ IDEA 2024.2.1\bin;C:\Users\AbdifatahAbdulkadir\AppData\Local\JetBrains\Toolbox\scripts;C:\Program Files\PowerShell\7\;;C:\Program Files\PowerShell\7\;C:\Users\AbdifatahAbdulkadir\AppData\Local\Microsoft\WindowsApps;C:\Users\AbdifatahAbdulkadir\AppData\Roaming\npm;C:\Program Files\JetBrains\IntelliJ IDEA 2024.2.1\bin;C:\Users\AbdifatahAbdulkadir\AppData\Local\JetBrains\Toolbox\scripts;C:\Users\AbdifatahAbdulkadir\AppData\Local\Programs\cursor\resources\app\bin;C:\Program Files\apache-maven-3.9.9\bin;
USERNAME=AbdifatahAbdulkadir
OS=Windows_NT
PROCESSOR_IDENTIFIER=Intel64 Family 6 Model 142 Stepping 10, GenuineIntel
TMP=C:\Users\ABDIFA~1\AppData\Local\Temp
TEMP=C:\Users\ABDIFA~1\AppData\Local\Temp




Periodic native trim disabled

---------------  S Y S T E M  ---------------

OS:
 Windows 11 , 64 bit Build 26100 (10.0.26100.3775)
OS uptime: 0 days 2:17 hours
Hyper-V role detected

CPU: total 8 (initial active 8) (4 cores per cpu, 2 threads per core) family 6 model 142 stepping 10 microcode 0xf6, cx8, cmov, fxsr, ht, mmx, 3dnowpref, sse, sse2, sse3, ssse3, sse4.1, sse4.2, popcnt, lzcnt, tsc, tscinvbit, avx, avx2, aes, erms, clmul, bmi1, bmi2, adx, fma, vzeroupper, clflush, clflushopt, hv, rdtscp, f16c
Processor Information for the first 8 processors :
  Max Mhz: 1800, Current Mhz: 1600, Mhz Limit: 1584

Memory: 4k page, system-wide physical 16227M (5155M free)
TotalPageFile size 20323M (AvailPageFile size 5954M)
current process WorkingSet (physical memory assigned to process): 168M, peak: 172M
current process commit charge ("private bytes"): 386M, peak: 391M

vm_info: OpenJDK 64-Bit Server VM (23.0.2+7-58) for windows-amd64 JRE (23.0.2+7-58), built on 2024-11-29T09:34:55Z with MS VC++ 17.6 (VS2022)

END.
